{"C:\\Users\\abhij\\OneDrive\\Desktop\\New folder (5)\\dog-adoption-app\\src\\App.js": {"path":"C:\\Users\\abhij\\OneDrive\\Desktop\\New folder (5)\\dog-adoption-app\\src\\App.js","statementMap":{"0":{"start":{"line":7,"column":2},"end":{"line":16,"column":4}}},"fnMap":{"0":{"name":"App","decl":{"start":{"line":6,"column":9},"end":{"line":6,"column":12}},"loc":{"start":{"line":6,"column":15},"end":{"line":17,"column":1}},"line":6}},"branchMap":{},"s":{"0":0},"f":{"0":0},"b":{}}
,"C:\\Users\\abhij\\OneDrive\\Desktop\\New folder (5)\\dog-adoption-app\\src\\index.js": {"path":"C:\\Users\\abhij\\OneDrive\\Desktop\\New folder (5)\\dog-adoption-app\\src\\index.js","statementMap":{"0":{"start":{"line":7,"column":13},"end":{"line":7,"column":65}},"1":{"start":{"line":8,"column":0},"end":{"line":12,"column":2}},"2":{"start":{"line":17,"column":0},"end":{"line":17,"column":18}}},"fnMap":{},"branchMap":{},"s":{"0":0,"1":0,"2":0},"f":{},"b":{}}
,"C:\\Users\\abhij\\OneDrive\\Desktop\\New folder (5)\\dog-adoption-app\\src\\reportWebVitals.js": {"path":"C:\\Users\\abhij\\OneDrive\\Desktop\\New folder (5)\\dog-adoption-app\\src\\reportWebVitals.js","statementMap":{"0":{"start":{"line":1,"column":24},"end":{"line":11,"column":1}},"1":{"start":{"line":2,"column":2},"end":{"line":10,"column":3}},"2":{"start":{"line":3,"column":4},"end":{"line":9,"column":7}},"3":{"start":{"line":4,"column":6},"end":{"line":4,"column":26}},"4":{"start":{"line":5,"column":6},"end":{"line":5,"column":26}},"5":{"start":{"line":6,"column":6},"end":{"line":6,"column":26}},"6":{"start":{"line":7,"column":6},"end":{"line":7,"column":26}},"7":{"start":{"line":8,"column":6},"end":{"line":8,"column":27}}},"fnMap":{"0":{"name":"(anonymous_0)","decl":{"start":{"line":1,"column":24},"end":{"line":1,"column":25}},"loc":{"start":{"line":1,"column":39},"end":{"line":11,"column":1}},"line":1},"1":{"name":"(anonymous_1)","decl":{"start":{"line":3,"column":30},"end":{"line":3,"column":31}},"loc":{"start":{"line":3,"column":79},"end":{"line":9,"column":5}},"line":3}},"branchMap":{"0":{"loc":{"start":{"line":2,"column":2},"end":{"line":10,"column":3}},"type":"if","locations":[{"start":{"line":2,"column":2},"end":{"line":10,"column":3}},{"start":{},"end":{}}],"line":2},"1":{"loc":{"start":{"line":2,"column":6},"end":{"line":2,"column":52}},"type":"binary-expr","locations":[{"start":{"line":2,"column":6},"end":{"line":2,"column":17}},{"start":{"line":2,"column":21},"end":{"line":2,"column":52}}],"line":2}},"s":{"0":0,"1":0,"2":0,"3":0,"4":0,"5":0,"6":0,"7":0},"f":{"0":0,"1":0},"b":{"0":[0,0],"1":[0,0]}}
,"C:\\Users\\abhij\\OneDrive\\Desktop\\New folder (5)\\dog-adoption-app\\src\\setupTests.js": {"path":"C:\\Users\\abhij\\OneDrive\\Desktop\\New folder (5)\\dog-adoption-app\\src\\setupTests.js","statementMap":{},"fnMap":{},"branchMap":{},"s":{},"f":{},"b":{}}
,"C:\\Users\\abhij\\OneDrive\\Desktop\\New folder (5)\\dog-adoption-app\\src\\components\\Breeds\\breeds.jsx": {"path":"C:\\Users\\abhij\\OneDrive\\Desktop\\New folder (5)\\dog-adoption-app\\src\\components\\Breeds\\breeds.jsx","statementMap":{"0":{"start":{"line":4,"column":67},"end":{"line":4,"column":72}},"1":{"start":{"line":5,"column":32},"end":{"line":5,"column":46}},"2":{"start":{"line":7,"column":2},"end":{"line":38,"column":18}},"3":{"start":{"line":8,"column":22},"end":{"line":36,"column":5}},"4":{"start":{"line":9,"column":6},"end":{"line":35,"column":7}},"5":{"start":{"line":10,"column":25},"end":{"line":20,"column":9}},"6":{"start":{"line":21,"column":8},"end":{"line":30,"column":9}},"7":{"start":{"line":22,"column":23},"end":{"line":22,"column":44}},"8":{"start":{"line":23,"column":10},"end":{"line":23,"column":26}},"9":{"start":{"line":25,"column":10},"end":{"line":29,"column":12}},"10":{"start":{"line":32,"column":8},"end":{"line":32,"column":52}},"11":{"start":{"line":34,"column":8},"end":{"line":34,"column":26}},"12":{"start":{"line":37,"column":4},"end":{"line":37,"column":16}},"13":{"start":{"line":40,"column":28},"end":{"line":47,"column":3}},"14":{"start":{"line":41,"column":18},"end":{"line":41,"column":68}},"15":{"start":{"line":41,"column":49},"end":{"line":41,"column":67}},"16":{"start":{"line":42,"column":4},"end":{"line":46,"column":5}},"17":{"start":{"line":43,"column":6},"end":{"line":43,"column":78}},"18":{"start":{"line":43,"column":57},"end":{"line":43,"column":75}},"19":{"start":{"line":45,"column":6},"end":{"line":45,"column":55}},"20":{"start":{"line":49,"column":25},"end":{"line":51,"column":3}},"21":{"start":{"line":50,"column":4},"end":{"line":50,"column":62}},"22":{"start":{"line":50,"column":42},"end":{"line":50,"column":60}},"23":{"start":{"line":53,"column":26},"end":{"line":60,"column":8}},"24":{"start":{"line":54,"column":24},"end":{"line":54,"column":49}},"25":{"start":{"line":55,"column":4},"end":{"line":57,"column":5}},"26":{"start":{"line":56,"column":6},"end":{"line":56,"column":28}},"27":{"start":{"line":58,"column":4},"end":{"line":58,"column":36}},"28":{"start":{"line":59,"column":4},"end":{"line":59,"column":15}},"29":{"start":{"line":62,"column":2},"end":{"line":87,"column":4}},"30":{"start":{"line":69,"column":12},"end":{"line":82,"column":18}},"31":{"start":{"line":72,"column":16},"end":{"line":80,"column":22}},"32":{"start":{"line":74,"column":33},"end":{"line":74,"column":60}}},"fnMap":{"0":{"name":"Breeds","decl":{"start":{"line":3,"column":9},"end":{"line":3,"column":15}},"loc":{"start":{"line":3,"column":23},"end":{"line":88,"column":1}},"line":3},"1":{"name":"(anonymous_1)","decl":{"start":{"line":7,"column":12},"end":{"line":7,"column":13}},"loc":{"start":{"line":7,"column":18},"end":{"line":38,"column":3}},"line":7},"2":{"name":"(anonymous_2)","decl":{"start":{"line":8,"column":22},"end":{"line":8,"column":23}},"loc":{"start":{"line":8,"column":34},"end":{"line":36,"column":5}},"line":8},"3":{"name":"(anonymous_3)","decl":{"start":{"line":40,"column":28},"end":{"line":40,"column":29}},"loc":{"start":{"line":40,"column":42},"end":{"line":47,"column":3}},"line":40},"4":{"name":"(anonymous_4)","decl":{"start":{"line":41,"column":38},"end":{"line":41,"column":39}},"loc":{"start":{"line":41,"column":49},"end":{"line":41,"column":67}},"line":41},"5":{"name":"(anonymous_5)","decl":{"start":{"line":43,"column":46},"end":{"line":43,"column":47}},"loc":{"start":{"line":43,"column":57},"end":{"line":43,"column":75}},"line":43},"6":{"name":"(anonymous_6)","decl":{"start":{"line":49,"column":25},"end":{"line":49,"column":26}},"loc":{"start":{"line":49,"column":39},"end":{"line":51,"column":3}},"line":49},"7":{"name":"(anonymous_7)","decl":{"start":{"line":50,"column":31},"end":{"line":50,"column":32}},"loc":{"start":{"line":50,"column":42},"end":{"line":50,"column":60}},"line":50},"8":{"name":"(anonymous_8)","decl":{"start":{"line":53,"column":40},"end":{"line":53,"column":41}},"loc":{"start":{"line":53,"column":59},"end":{"line":60,"column":3}},"line":53},"9":{"name":"(anonymous_9)","decl":{"start":{"line":68,"column":44},"end":{"line":68,"column":45}},"loc":{"start":{"line":69,"column":12},"end":{"line":82,"column":18}},"line":69},"10":{"name":"(anonymous_10)","decl":{"start":{"line":71,"column":43},"end":{"line":71,"column":44}},"loc":{"start":{"line":72,"column":16},"end":{"line":80,"column":22}},"line":72},"11":{"name":"(anonymous_11)","decl":{"start":{"line":74,"column":27},"end":{"line":74,"column":28}},"loc":{"start":{"line":74,"column":33},"end":{"line":74,"column":60}},"line":74}},"branchMap":{"0":{"loc":{"start":{"line":21,"column":8},"end":{"line":30,"column":9}},"type":"if","locations":[{"start":{"line":21,"column":8},"end":{"line":30,"column":9}},{"start":{"line":24,"column":15},"end":{"line":30,"column":9}}],"line":21},"1":{"loc":{"start":{"line":42,"column":4},"end":{"line":46,"column":5}},"type":"if","locations":[{"start":{"line":42,"column":4},"end":{"line":46,"column":5}},{"start":{"line":44,"column":11},"end":{"line":46,"column":5}}],"line":42},"2":{"loc":{"start":{"line":55,"column":4},"end":{"line":57,"column":5}},"type":"if","locations":[{"start":{"line":55,"column":4},"end":{"line":57,"column":5}},{"start":{},"end":{}}],"line":55},"3":{"loc":{"start":{"line":64,"column":7},"end":{"line":85,"column":7}},"type":"cond-expr","locations":[{"start":{"line":65,"column":8},"end":{"line":65,"column":25}},{"start":{"line":67,"column":8},"end":{"line":84,"column":14}}],"line":64},"4":{"loc":{"start":{"line":75,"column":29},"end":{"line":75,"column":75}},"type":"cond-expr","locations":[{"start":{"line":75,"column":56},"end":{"line":75,"column":70}},{"start":{"line":75,"column":73},"end":{"line":75,"column":75}}],"line":75}},"s":{"0":0,"1":0,"2":0,"3":0,"4":0,"5":0,"6":0,"7":0,"8":0,"9":0,"10":0,"11":0,"12":0,"13":0,"14":0,"15":0,"16":0,"17":0,"18":0,"19":0,"20":0,"21":0,"22":0,"23":0,"24":0,"25":0,"26":0,"27":0,"28":0,"29":0,"30":0,"31":0,"32":0},"f":{"0":0,"1":0,"2":0,"3":0,"4":0,"5":0,"6":0,"7":0,"8":0,"9":0,"10":0,"11":0},"b":{"0":[0,0],"1":[0,0],"2":[0,0],"3":[0,0],"4":[0,0]}}
,"C:\\Users\\abhij\\OneDrive\\Desktop\\New folder (5)\\dog-adoption-app\\src\\components\\Dogs\\dogs.jsx": {"path":"C:\\Users\\abhij\\OneDrive\\Desktop\\New folder (5)\\dog-adoption-app\\src\\components\\Dogs\\dogs.jsx","statementMap":{"0":{"start":{"line":5,"column":30},"end":{"line":5,"column":42}},"1":{"start":{"line":6,"column":36},"end":{"line":6,"column":48}},"2":{"start":{"line":7,"column":36},"end":{"line":7,"column":48}},"3":{"start":{"line":8,"column":48},"end":{"line":8,"column":60}},"4":{"start":{"line":10,"column":21},"end":{"line":12,"column":3}},"5":{"start":{"line":11,"column":4},"end":{"line":11,"column":34}},"6":{"start":{"line":14,"column":21},"end":{"line":16,"column":3}},"7":{"start":{"line":15,"column":4},"end":{"line":15,"column":34}},"8":{"start":{"line":18,"column":2},"end":{"line":24,"column":15}},"9":{"start":{"line":19,"column":4},"end":{"line":23,"column":6}},"10":{"start":{"line":21,"column":48},"end":{"line":21,"column":67}},"11":{"start":{"line":26,"column":2},"end":{"line":58,"column":24}},"12":{"start":{"line":27,"column":22},"end":{"line":56,"column":5}},"13":{"start":{"line":28,"column":6},"end":{"line":55,"column":7}},"14":{"start":{"line":29,"column":25},"end":{"line":39,"column":9}},"15":{"start":{"line":40,"column":8},"end":{"line":51,"column":9}},"16":{"start":{"line":41,"column":23},"end":{"line":41,"column":44}},"17":{"start":{"line":42,"column":10},"end":{"line":42,"column":36}},"18":{"start":{"line":43,"column":10},"end":{"line":43,"column":40}},"19":{"start":{"line":44,"column":10},"end":{"line":44,"column":40}},"20":{"start":{"line":46,"column":10},"end":{"line":50,"column":12}},"21":{"start":{"line":53,"column":8},"end":{"line":53,"column":52}},"22":{"start":{"line":57,"column":4},"end":{"line":57,"column":16}},"23":{"start":{"line":60,"column":2},"end":{"line":79,"column":4}}},"fnMap":{"0":{"name":"Dogs","decl":{"start":{"line":4,"column":9},"end":{"line":4,"column":13}},"loc":{"start":{"line":4,"column":26},"end":{"line":80,"column":1}},"line":4},"1":{"name":"(anonymous_1)","decl":{"start":{"line":10,"column":21},"end":{"line":10,"column":22}},"loc":{"start":{"line":10,"column":27},"end":{"line":12,"column":3}},"line":10},"2":{"name":"(anonymous_2)","decl":{"start":{"line":14,"column":21},"end":{"line":14,"column":22}},"loc":{"start":{"line":14,"column":27},"end":{"line":16,"column":3}},"line":14},"3":{"name":"(anonymous_3)","decl":{"start":{"line":18,"column":12},"end":{"line":18,"column":13}},"loc":{"start":{"line":18,"column":18},"end":{"line":24,"column":3}},"line":18},"4":{"name":"(anonymous_4)","decl":{"start":{"line":21,"column":37},"end":{"line":21,"column":38}},"loc":{"start":{"line":21,"column":48},"end":{"line":21,"column":67}},"line":21},"5":{"name":"(anonymous_5)","decl":{"start":{"line":26,"column":12},"end":{"line":26,"column":13}},"loc":{"start":{"line":26,"column":18},"end":{"line":58,"column":3}},"line":26},"6":{"name":"(anonymous_6)","decl":{"start":{"line":27,"column":22},"end":{"line":27,"column":23}},"loc":{"start":{"line":27,"column":34},"end":{"line":56,"column":5}},"line":27}},"branchMap":{"0":{"loc":{"start":{"line":20,"column":6},"end":{"line":22,"column":24}},"type":"cond-expr","locations":[{"start":{"line":21,"column":10},"end":{"line":21,"column":80}},{"start":{"line":22,"column":10},"end":{"line":22,"column":24}}],"line":20},"1":{"loc":{"start":{"line":40,"column":8},"end":{"line":51,"column":9}},"type":"if","locations":[{"start":{"line":40,"column":8},"end":{"line":51,"column":9}},{"start":{"line":45,"column":15},"end":{"line":51,"column":9}}],"line":40},"2":{"loc":{"start":{"line":43,"column":23},"end":{"line":43,"column":38}},"type":"binary-expr","locations":[{"start":{"line":43,"column":23},"end":{"line":43,"column":32}},{"start":{"line":43,"column":36},"end":{"line":43,"column":38}}],"line":43},"3":{"loc":{"start":{"line":44,"column":23},"end":{"line":44,"column":38}},"type":"binary-expr","locations":[{"start":{"line":44,"column":23},"end":{"line":44,"column":32}},{"start":{"line":44,"column":36},"end":{"line":44,"column":38}}],"line":44}},"s":{"0":0,"1":0,"2":0,"3":0,"4":0,"5":0,"6":0,"7":0,"8":0,"9":0,"10":0,"11":0,"12":0,"13":0,"14":0,"15":0,"16":0,"17":0,"18":0,"19":0,"20":0,"21":0,"22":0,"23":0},"f":{"0":0,"1":0,"2":0,"3":0,"4":0,"5":0,"6":0},"b":{"0":[0,0],"1":[0,0],"2":[0,0],"3":[0,0]}}
,"C:\\Users\\abhij\\OneDrive\\Desktop\\New folder (5)\\dog-adoption-app\\src\\components\\Dogs\\dogsCard.jsx": {"path":"C:\\Users\\abhij\\OneDrive\\Desktop\\New folder (5)\\dog-adoption-app\\src\\components\\Dogs\\dogsCard.jsx","statementMap":{"0":{"start":{"line":11,"column":69},"end":{"line":11,"column":74}},"1":{"start":{"line":12,"column":44},"end":{"line":12,"column":58}},"2":{"start":{"line":13,"column":40},"end":{"line":13,"column":54}},"3":{"start":{"line":15,"column":27},"end":{"line":17,"column":3}},"4":{"start":{"line":16,"column":4},"end":{"line":16,"column":27}},"5":{"start":{"line":19,"column":27},"end":{"line":21,"column":3}},"6":{"start":{"line":20,"column":4},"end":{"line":20,"column":25}},"7":{"start":{"line":23,"column":20},"end":{"line":26,"column":3}},"8":{"start":{"line":24,"column":4},"end":{"line":24,"column":31}},"9":{"start":{"line":25,"column":4},"end":{"line":25,"column":44}},"10":{"start":{"line":28,"column":21},"end":{"line":31,"column":3}},"11":{"start":{"line":29,"column":4},"end":{"line":29,"column":27}},"12":{"start":{"line":30,"column":4},"end":{"line":30,"column":42}},"13":{"start":{"line":33,"column":29},"end":{"line":40,"column":3}},"14":{"start":{"line":34,"column":18},"end":{"line":34,"column":63}},"15":{"start":{"line":34,"column":42},"end":{"line":34,"column":62}},"16":{"start":{"line":35,"column":4},"end":{"line":39,"column":5}},"17":{"start":{"line":36,"column":6},"end":{"line":36,"column":68}},"18":{"start":{"line":36,"column":45},"end":{"line":36,"column":65}},"19":{"start":{"line":38,"column":6},"end":{"line":38,"column":43}},"20":{"start":{"line":42,"column":2},"end":{"line":71,"column":28}},"21":{"start":{"line":43,"column":22},"end":{"line":69,"column":5}},"22":{"start":{"line":44,"column":6},"end":{"line":68,"column":7}},"23":{"start":{"line":45,"column":25},"end":{"line":55,"column":9}},"24":{"start":{"line":56,"column":8},"end":{"line":65,"column":9}},"25":{"start":{"line":57,"column":23},"end":{"line":57,"column":44}},"26":{"start":{"line":58,"column":10},"end":{"line":58,"column":28}},"27":{"start":{"line":60,"column":10},"end":{"line":64,"column":12}},"28":{"start":{"line":67,"column":8},"end":{"line":67,"column":52}},"29":{"start":{"line":70,"column":4},"end":{"line":70,"column":16}},"30":{"start":{"line":73,"column":2},"end":{"line":180,"column":4}},"31":{"start":{"line":76,"column":8},"end":{"line":177,"column":15}},"32":{"start":{"line":86,"column":27},"end":{"line":86,"column":49}},"33":{"start":{"line":125,"column":34},"end":{"line":125,"column":62}},"34":{"start":{"line":128,"column":16},"end":{"line":128,"column":44}},"35":{"start":{"line":134,"column":42},"end":{"line":134,"column":63}},"36":{"start":{"line":139,"column":41},"end":{"line":139,"column":62}},"37":{"start":{"line":146,"column":42},"end":{"line":146,"column":63}},"38":{"start":{"line":156,"column":42},"end":{"line":156,"column":63}}},"fnMap":{"0":{"name":"DogsCard","decl":{"start":{"line":10,"column":9},"end":{"line":10,"column":17}},"loc":{"start":{"line":10,"column":25},"end":{"line":181,"column":1}},"line":10},"1":{"name":"(anonymous_1)","decl":{"start":{"line":15,"column":27},"end":{"line":15,"column":28}},"loc":{"start":{"line":15,"column":39},"end":{"line":17,"column":3}},"line":15},"2":{"name":"(anonymous_2)","decl":{"start":{"line":19,"column":27},"end":{"line":19,"column":28}},"loc":{"start":{"line":19,"column":33},"end":{"line":21,"column":3}},"line":19},"3":{"name":"(anonymous_3)","decl":{"start":{"line":23,"column":20},"end":{"line":23,"column":21}},"loc":{"start":{"line":23,"column":34},"end":{"line":26,"column":3}},"line":23},"4":{"name":"(anonymous_4)","decl":{"start":{"line":28,"column":21},"end":{"line":28,"column":22}},"loc":{"start":{"line":28,"column":27},"end":{"line":31,"column":3}},"line":28},"5":{"name":"(anonymous_5)","decl":{"start":{"line":33,"column":29},"end":{"line":33,"column":30}},"loc":{"start":{"line":33,"column":41},"end":{"line":40,"column":3}},"line":33},"6":{"name":"(anonymous_6)","decl":{"start":{"line":34,"column":33},"end":{"line":34,"column":34}},"loc":{"start":{"line":34,"column":42},"end":{"line":34,"column":62}},"line":34},"7":{"name":"(anonymous_7)","decl":{"start":{"line":36,"column":36},"end":{"line":36,"column":37}},"loc":{"start":{"line":36,"column":45},"end":{"line":36,"column":65}},"line":36},"8":{"name":"(anonymous_8)","decl":{"start":{"line":42,"column":12},"end":{"line":42,"column":13}},"loc":{"start":{"line":42,"column":18},"end":{"line":71,"column":3}},"line":42},"9":{"name":"(anonymous_9)","decl":{"start":{"line":43,"column":22},"end":{"line":43,"column":23}},"loc":{"start":{"line":43,"column":34},"end":{"line":69,"column":5}},"line":43},"10":{"name":"(anonymous_10)","decl":{"start":{"line":75,"column":20},"end":{"line":75,"column":21}},"loc":{"start":{"line":76,"column":8},"end":{"line":177,"column":15}},"line":76},"11":{"name":"(anonymous_11)","decl":{"start":{"line":86,"column":21},"end":{"line":86,"column":22}},"loc":{"start":{"line":86,"column":27},"end":{"line":86,"column":49}},"line":86},"12":{"name":"(anonymous_12)","decl":{"start":{"line":125,"column":28},"end":{"line":125,"column":29}},"loc":{"start":{"line":125,"column":34},"end":{"line":125,"column":62}},"line":125},"13":{"name":"(anonymous_13)","decl":{"start":{"line":127,"column":23},"end":{"line":127,"column":24}},"loc":{"start":{"line":127,"column":29},"end":{"line":129,"column":15}},"line":127},"14":{"name":"(anonymous_14)","decl":{"start":{"line":134,"column":33},"end":{"line":134,"column":34}},"loc":{"start":{"line":134,"column":42},"end":{"line":134,"column":63}},"line":134},"15":{"name":"(anonymous_15)","decl":{"start":{"line":139,"column":32},"end":{"line":139,"column":33}},"loc":{"start":{"line":139,"column":41},"end":{"line":139,"column":62}},"line":139},"16":{"name":"(anonymous_16)","decl":{"start":{"line":146,"column":33},"end":{"line":146,"column":34}},"loc":{"start":{"line":146,"column":42},"end":{"line":146,"column":63}},"line":146},"17":{"name":"(anonymous_17)","decl":{"start":{"line":156,"column":33},"end":{"line":156,"column":34}},"loc":{"start":{"line":156,"column":42},"end":{"line":156,"column":63}},"line":156}},"branchMap":{"0":{"loc":{"start":{"line":35,"column":4},"end":{"line":39,"column":5}},"type":"if","locations":[{"start":{"line":35,"column":4},"end":{"line":39,"column":5}},{"start":{"line":37,"column":11},"end":{"line":39,"column":5}}],"line":35},"1":{"loc":{"start":{"line":56,"column":8},"end":{"line":65,"column":9}},"type":"if","locations":[{"start":{"line":56,"column":8},"end":{"line":65,"column":9}},{"start":{"line":59,"column":15},"end":{"line":65,"column":9}}],"line":56},"2":{"loc":{"start":{"line":122,"column":16},"end":{"line":122,"column":63}},"type":"cond-expr","locations":[{"start":{"line":122,"column":45},"end":{"line":122,"column":58}},{"start":{"line":122,"column":61},"end":{"line":122,"column":63}}],"line":122},"3":{"loc":{"start":{"line":134,"column":18},"end":{"line":136,"column":34}},"type":"cond-expr","locations":[{"start":{"line":135,"column":22},"end":{"line":135,"column":36}},{"start":{"line":136,"column":22},"end":{"line":136,"column":34}}],"line":134},"4":{"loc":{"start":{"line":139,"column":17},"end":{"line":141,"column":37}},"type":"cond-expr","locations":[{"start":{"line":140,"column":20},"end":{"line":140,"column":39}},{"start":{"line":141,"column":20},"end":{"line":141,"column":37}}],"line":139},"5":{"loc":{"start":{"line":146,"column":18},"end":{"line":148,"column":34}},"type":"cond-expr","locations":[{"start":{"line":147,"column":22},"end":{"line":147,"column":36}},{"start":{"line":148,"column":22},"end":{"line":148,"column":34}}],"line":146},"6":{"loc":{"start":{"line":156,"column":18},"end":{"line":158,"column":28}},"type":"cond-expr","locations":[{"start":{"line":157,"column":22},"end":{"line":157,"column":27}},{"start":{"line":158,"column":22},"end":{"line":158,"column":28}}],"line":156},"7":{"loc":{"start":{"line":166,"column":20},"end":{"line":168,"column":92}},"type":"cond-expr","locations":[{"start":{"line":167,"column":24},"end":{"line":167,"column":162}},{"start":{"line":168,"column":24},"end":{"line":168,"column":92}}],"line":166},"8":{"loc":{"start":{"line":174,"column":11},"end":{"line":176,"column":11}},"type":"binary-expr","locations":[{"start":{"line":174,"column":11},"end":{"line":174,"column":24}},{"start":{"line":175,"column":12},"end":{"line":175,"column":72}}],"line":174}},"s":{"0":0,"1":0,"2":0,"3":0,"4":0,"5":0,"6":0,"7":0,"8":0,"9":0,"10":0,"11":0,"12":0,"13":0,"14":0,"15":0,"16":0,"17":0,"18":0,"19":0,"20":0,"21":0,"22":0,"23":0,"24":0,"25":0,"26":0,"27":0,"28":0,"29":0,"30":0,"31":0,"32":0,"33":0,"34":0,"35":0,"36":0,"37":0,"38":0},"f":{"0":0,"1":0,"2":0,"3":0,"4":0,"5":0,"6":0,"7":0,"8":0,"9":0,"10":0,"11":0,"12":0,"13":0,"14":0,"15":0,"16":0,"17":0},"b":{"0":[0,0],"1":[0,0],"2":[0,0],"3":[0,0],"4":[0,0],"5":[0,0],"6":[0,0],"7":[0,0],"8":[0,0]}}
,"C:\\Users\\abhij\\OneDrive\\Desktop\\New folder (5)\\dog-adoption-app\\src\\components\\HomePage\\homePage.jsx": {"path":"C:\\Users\\abhij\\OneDrive\\Desktop\\New folder (5)\\dog-adoption-app\\src\\components\\HomePage\\homePage.jsx","statementMap":{"0":{"start":{"line":10,"column":30},"end":{"line":10,"column":42}},"1":{"start":{"line":11,"column":46},"end":{"line":11,"column":58}},"2":{"start":{"line":12,"column":40},"end":{"line":12,"column":54}},"3":{"start":{"line":13,"column":36},"end":{"line":13,"column":48}},"4":{"start":{"line":14,"column":38},"end":{"line":14,"column":53}},"5":{"start":{"line":16,"column":21},"end":{"line":18,"column":3}},"6":{"start":{"line":17,"column":4},"end":{"line":17,"column":33}},"7":{"start":{"line":20,"column":27},"end":{"line":22,"column":3}},"8":{"start":{"line":21,"column":4},"end":{"line":21,"column":31}},"9":{"start":{"line":24,"column":2},"end":{"line":100,"column":4}}},"fnMap":{"0":{"name":"HomePage","decl":{"start":{"line":9,"column":9},"end":{"line":9,"column":17}},"loc":{"start":{"line":9,"column":20},"end":{"line":101,"column":1}},"line":9},"1":{"name":"(anonymous_1)","decl":{"start":{"line":16,"column":21},"end":{"line":16,"column":22}},"loc":{"start":{"line":16,"column":27},"end":{"line":18,"column":3}},"line":16},"2":{"name":"(anonymous_2)","decl":{"start":{"line":20,"column":27},"end":{"line":20,"column":28}},"loc":{"start":{"line":20,"column":33},"end":{"line":22,"column":3}},"line":20}},"branchMap":{"0":{"loc":{"start":{"line":45,"column":14},"end":{"line":45,"column":45}},"type":"cond-expr","locations":[{"start":{"line":45,"column":27},"end":{"line":45,"column":34}},{"start":{"line":45,"column":37},"end":{"line":45,"column":45}}],"line":45},"1":{"loc":{"start":{"line":71,"column":28},"end":{"line":71,"column":51}},"type":"cond-expr","locations":[{"start":{"line":71,"column":42},"end":{"line":71,"column":45}},{"start":{"line":71,"column":48},"end":{"line":71,"column":51}}],"line":71},"2":{"loc":{"start":{"line":77,"column":20},"end":{"line":77,"column":71}},"type":"cond-expr","locations":[{"start":{"line":77,"column":43},"end":{"line":77,"column":66}},{"start":{"line":77,"column":69},"end":{"line":77,"column":71}}],"line":77},"3":{"loc":{"start":{"line":93,"column":18},"end":{"line":93,"column":65}},"type":"cond-expr","locations":[{"start":{"line":93,"column":46},"end":{"line":93,"column":60}},{"start":{"line":93,"column":63},"end":{"line":93,"column":65}}],"line":93}},"s":{"0":0,"1":0,"2":0,"3":0,"4":0,"5":0,"6":0,"7":0,"8":0,"9":0},"f":{"0":0,"1":0,"2":0},"b":{"0":[0,0],"1":[0,0],"2":[0,0],"3":[0,0]}}
,"C:\\Users\\abhij\\OneDrive\\Desktop\\New folder (5)\\dog-adoption-app\\src\\components\\ImageModal\\imageModal.jsx": {"path":"C:\\Users\\abhij\\OneDrive\\Desktop\\New folder (5)\\dog-adoption-app\\src\\components\\ImageModal\\imageModal.jsx","statementMap":{"0":{"start":{"line":4,"column":29},"end":{"line":8,"column":3}},"1":{"start":{"line":5,"column":4},"end":{"line":7,"column":5}},"2":{"start":{"line":6,"column":6},"end":{"line":6,"column":16}},"3":{"start":{"line":10,"column":2},"end":{"line":35,"column":4}}},"fnMap":{"0":{"name":"ImageModal","decl":{"start":{"line":3,"column":9},"end":{"line":3,"column":19}},"loc":{"start":{"line":3,"column":43},"end":{"line":36,"column":1}},"line":3},"1":{"name":"(anonymous_1)","decl":{"start":{"line":4,"column":29},"end":{"line":4,"column":30}},"loc":{"start":{"line":4,"column":36},"end":{"line":8,"column":3}},"line":4}},"branchMap":{"0":{"loc":{"start":{"line":5,"column":4},"end":{"line":7,"column":5}},"type":"if","locations":[{"start":{"line":5,"column":4},"end":{"line":7,"column":5}},{"start":{},"end":{}}],"line":5}},"s":{"0":0,"1":0,"2":0,"3":0},"f":{"0":0,"1":0},"b":{"0":[0,0]}}
,"C:\\Users\\abhij\\OneDrive\\Desktop\\New folder (5)\\dog-adoption-app\\src\\components\\Login\\login.jsx": {"path":"C:\\Users\\abhij\\OneDrive\\Desktop\\New folder (5)\\dog-adoption-app\\src\\components\\Login\\login.jsx","statementMap":{"0":{"start":{"line":5,"column":26},"end":{"line":5,"column":38}},"1":{"start":{"line":6,"column":28},"end":{"line":6,"column":40}},"2":{"start":{"line":7,"column":19},"end":{"line":7,"column":32}},"3":{"start":{"line":8,"column":38},"end":{"line":8,"column":50}},"4":{"start":{"line":10,"column":27},"end":{"line":12,"column":3}},"5":{"start":{"line":11,"column":4},"end":{"line":11,"column":32}},"6":{"start":{"line":14,"column":28},"end":{"line":16,"column":3}},"7":{"start":{"line":15,"column":4},"end":{"line":15,"column":33}},"8":{"start":{"line":18,"column":23},"end":{"line":55,"column":3}},"9":{"start":{"line":19,"column":4},"end":{"line":19,"column":27}},"10":{"start":{"line":21,"column":23},"end":{"line":21,"column":54}},"11":{"start":{"line":23,"column":25},"end":{"line":23,"column":47}},"12":{"start":{"line":25,"column":4},"end":{"line":29,"column":5}},"13":{"start":{"line":26,"column":6},"end":{"line":26,"column":58}},"14":{"start":{"line":27,"column":6},"end":{"line":27,"column":44}},"15":{"start":{"line":28,"column":6},"end":{"line":28,"column":13}},"16":{"start":{"line":31,"column":4},"end":{"line":54,"column":5}},"17":{"start":{"line":32,"column":23},"end":{"line":45,"column":7}},"18":{"start":{"line":47,"column":6},"end":{"line":51,"column":7}},"19":{"start":{"line":48,"column":8},"end":{"line":48,"column":26}},"20":{"start":{"line":50,"column":8},"end":{"line":50,"column":77}},"21":{"start":{"line":53,"column":6},"end":{"line":53,"column":47}},"22":{"start":{"line":57,"column":2},"end":{"line":110,"column":4}}},"fnMap":{"0":{"name":"Login","decl":{"start":{"line":4,"column":9},"end":{"line":4,"column":14}},"loc":{"start":{"line":4,"column":17},"end":{"line":111,"column":1}},"line":4},"1":{"name":"(anonymous_1)","decl":{"start":{"line":10,"column":27},"end":{"line":10,"column":28}},"loc":{"start":{"line":10,"column":38},"end":{"line":12,"column":3}},"line":10},"2":{"name":"(anonymous_2)","decl":{"start":{"line":14,"column":28},"end":{"line":14,"column":29}},"loc":{"start":{"line":14,"column":39},"end":{"line":16,"column":3}},"line":14},"3":{"name":"(anonymous_3)","decl":{"start":{"line":18,"column":23},"end":{"line":18,"column":24}},"loc":{"start":{"line":18,"column":40},"end":{"line":55,"column":3}},"line":18}},"branchMap":{"0":{"loc":{"start":{"line":25,"column":4},"end":{"line":29,"column":5}},"type":"if","locations":[{"start":{"line":25,"column":4},"end":{"line":29,"column":5}},{"start":{},"end":{}}],"line":25},"1":{"loc":{"start":{"line":47,"column":6},"end":{"line":51,"column":7}},"type":"if","locations":[{"start":{"line":47,"column":6},"end":{"line":51,"column":7}},{"start":{"line":49,"column":13},"end":{"line":51,"column":7}}],"line":47},"2":{"loc":{"start":{"line":92,"column":15},"end":{"line":94,"column":15}},"type":"binary-expr","locations":[{"start":{"line":92,"column":15},"end":{"line":92,"column":25}},{"start":{"line":93,"column":16},"end":{"line":93,"column":71}}],"line":92}},"s":{"0":4,"1":4,"2":4,"3":4,"4":4,"5":1,"6":4,"7":1,"8":4,"9":1,"10":1,"11":1,"12":1,"13":0,"14":0,"15":0,"16":1,"17":1,"18":1,"19":1,"20":0,"21":0,"22":4},"f":{"0":4,"1":1,"2":1,"3":1},"b":{"0":[0,1],"1":[1,0],"2":[4,0]},"_coverageSchema":"1a1c01bbd47fc00a2c39e90264f33305004495a9","hash":"96320bd220d0a0439d32debd8233680bcdd2e5ac"}
,"C:\\Users\\abhij\\OneDrive\\Desktop\\New folder (5)\\dog-adoption-app\\src\\components\\Logout\\logout.jsx": {"path":"C:\\Users\\abhij\\OneDrive\\Desktop\\New folder (5)\\dog-adoption-app\\src\\components\\Logout\\logout.jsx","statementMap":{"0":{"start":{"line":5,"column":19},"end":{"line":5,"column":32}},"1":{"start":{"line":7,"column":23},"end":{"line":25,"column":3}},"2":{"start":{"line":8,"column":4},"end":{"line":24,"column":5}},"3":{"start":{"line":9,"column":23},"end":{"line":15,"column":7}},"4":{"start":{"line":17,"column":6},"end":{"line":21,"column":7}},"5":{"start":{"line":18,"column":8},"end":{"line":18,"column":22}},"6":{"start":{"line":20,"column":8},"end":{"line":20,"column":78}},"7":{"start":{"line":23,"column":6},"end":{"line":23,"column":48}},"8":{"start":{"line":27,"column":2},"end":{"line":36,"column":4}}},"fnMap":{"0":{"name":"Logout","decl":{"start":{"line":4,"column":9},"end":{"line":4,"column":15}},"loc":{"start":{"line":4,"column":18},"end":{"line":37,"column":1}},"line":4},"1":{"name":"(anonymous_1)","decl":{"start":{"line":7,"column":23},"end":{"line":7,"column":24}},"loc":{"start":{"line":7,"column":35},"end":{"line":25,"column":3}},"line":7}},"branchMap":{"0":{"loc":{"start":{"line":17,"column":6},"end":{"line":21,"column":7}},"type":"if","locations":[{"start":{"line":17,"column":6},"end":{"line":21,"column":7}},{"start":{"line":19,"column":13},"end":{"line":21,"column":7}}],"line":17}},"s":{"0":2,"1":2,"2":2,"3":2,"4":2,"5":2,"6":0,"7":2,"8":2},"f":{"0":2,"1":2},"b":{"0":[2,0]},"_coverageSchema":"1a1c01bbd47fc00a2c39e90264f33305004495a9","hash":"8ce4e09615eacc78e1818e026a7f58050af5acf1"}
,"C:\\Users\\abhij\\OneDrive\\Desktop\\New folder (5)\\dog-adoption-app\\src\\components\\Match\\match.jsx": {"path":"C:\\Users\\abhij\\OneDrive\\Desktop\\New folder (5)\\dog-adoption-app\\src\\components\\Match\\match.jsx","statementMap":{"0":{"start":{"line":4,"column":24},"end":{"line":4,"column":29}},"1":{"start":{"line":5,"column":32},"end":{"line":5,"column":46}},"2":{"start":{"line":6,"column":42},"end":{"line":6,"column":54}},"3":{"start":{"line":8,"column":20},"end":{"line":8,"column":52}},"4":{"start":{"line":8,"column":44},"end":{"line":8,"column":51}},"5":{"start":{"line":10,"column":2},"end":{"line":42,"column":18}},"6":{"start":{"line":11,"column":22},"end":{"line":40,"column":5}},"7":{"start":{"line":12,"column":6},"end":{"line":39,"column":7}},"8":{"start":{"line":13,"column":25},"end":{"line":24,"column":9}},"9":{"start":{"line":25,"column":8},"end":{"line":34,"column":9}},"10":{"start":{"line":26,"column":23},"end":{"line":26,"column":44}},"11":{"start":{"line":27,"column":10},"end":{"line":27,"column":38}},"12":{"start":{"line":29,"column":10},"end":{"line":33,"column":12}},"13":{"start":{"line":36,"column":8},"end":{"line":36,"column":52}},"14":{"start":{"line":38,"column":8},"end":{"line":38,"column":26}},"15":{"start":{"line":41,"column":4},"end":{"line":41,"column":16}},"16":{"start":{"line":44,"column":25},"end":{"line":44,"column":78}},"17":{"start":{"line":44,"column":51},"end":{"line":44,"column":74}},"18":{"start":{"line":46,"column":2},"end":{"line":66,"column":4}}},"fnMap":{"0":{"name":"Match","decl":{"start":{"line":3,"column":9},"end":{"line":3,"column":14}},"loc":{"start":{"line":3,"column":22},"end":{"line":67,"column":1}},"line":3},"1":{"name":"(anonymous_1)","decl":{"start":{"line":8,"column":34},"end":{"line":8,"column":35}},"loc":{"start":{"line":8,"column":44},"end":{"line":8,"column":51}},"line":8},"2":{"name":"(anonymous_2)","decl":{"start":{"line":10,"column":12},"end":{"line":10,"column":13}},"loc":{"start":{"line":10,"column":18},"end":{"line":42,"column":3}},"line":10},"3":{"name":"(anonymous_3)","decl":{"start":{"line":11,"column":22},"end":{"line":11,"column":23}},"loc":{"start":{"line":11,"column":34},"end":{"line":40,"column":5}},"line":11},"4":{"name":"(anonymous_4)","decl":{"start":{"line":44,"column":42},"end":{"line":44,"column":43}},"loc":{"start":{"line":44,"column":51},"end":{"line":44,"column":74}},"line":44}},"branchMap":{"0":{"loc":{"start":{"line":25,"column":8},"end":{"line":34,"column":9}},"type":"if","locations":[{"start":{"line":25,"column":8},"end":{"line":34,"column":9}},{"start":{"line":28,"column":15},"end":{"line":34,"column":9}}],"line":25},"1":{"loc":{"start":{"line":48,"column":7},"end":{"line":64,"column":7}},"type":"cond-expr","locations":[{"start":{"line":49,"column":8},"end":{"line":49,"column":25}},{"start":{"line":51,"column":8},"end":{"line":63,"column":14}}],"line":48}},"s":{"0":0,"1":0,"2":0,"3":0,"4":0,"5":0,"6":0,"7":0,"8":0,"9":0,"10":0,"11":0,"12":0,"13":0,"14":0,"15":0,"16":0,"17":0,"18":0},"f":{"0":0,"1":0,"2":0,"3":0,"4":0},"b":{"0":[0,0],"1":[0,0]}}
,"C:\\Users\\abhij\\OneDrive\\Desktop\\New folder (5)\\dog-adoption-app\\src\\components\\Modal\\filterModal.jsx": {"path":"C:\\Users\\abhij\\OneDrive\\Desktop\\New folder (5)\\dog-adoption-app\\src\\components\\Modal\\filterModal.jsx","statementMap":{"0":{"start":{"line":5,"column":63},"end":{"line":5,"column":68}},"1":{"start":{"line":6,"column":28},"end":{"line":6,"column":43}},"2":{"start":{"line":9,"column":4},"end":{"line":9,"column":21}},"3":{"start":{"line":13,"column":4},"end":{"line":13,"column":20}},"4":{"start":{"line":16,"column":2},"end":{"line":87,"column":4}}},"fnMap":{"0":{"name":"FilterModal","decl":{"start":{"line":4,"column":9},"end":{"line":4,"column":20}},"loc":{"start":{"line":4,"column":28},"end":{"line":88,"column":1}},"line":4},"1":{"name":"closeModal","decl":{"start":{"line":8,"column":11},"end":{"line":8,"column":21}},"loc":{"start":{"line":8,"column":24},"end":{"line":10,"column":3}},"line":8},"2":{"name":"openModal","decl":{"start":{"line":12,"column":11},"end":{"line":12,"column":20}},"loc":{"start":{"line":12,"column":23},"end":{"line":14,"column":3}},"line":12}},"branchMap":{"0":{"loc":{"start":{"line":23,"column":10},"end":{"line":23,"column":60}},"type":"cond-expr","locations":[{"start":{"line":23,"column":21},"end":{"line":23,"column":41}},{"start":{"line":23,"column":44},"end":{"line":23,"column":60}}],"line":23},"1":{"loc":{"start":{"line":57,"column":20},"end":{"line":57,"column":45}},"type":"cond-expr","locations":[{"start":{"line":57,"column":32},"end":{"line":57,"column":40}},{"start":{"line":57,"column":43},"end":{"line":57,"column":45}}],"line":57}},"s":{"0":0,"1":0,"2":0,"3":0,"4":0},"f":{"0":0,"1":0,"2":0},"b":{"0":[0,0],"1":[0,0]}}
,"C:\\Users\\abhij\\OneDrive\\Desktop\\New folder (5)\\dog-adoption-app\\src\\components\\Sort\\sortedDogs.jsx": {"path":"C:\\Users\\abhij\\OneDrive\\Desktop\\New folder (5)\\dog-adoption-app\\src\\components\\Sort\\sortedDogs.jsx","statementMap":{"0":{"start":{"line":4,"column":19},"end":{"line":102,"column":1}},"1":{"start":{"line":5,"column":51},"end":{"line":5,"column":56}},"2":{"start":{"line":6,"column":32},"end":{"line":6,"column":44}},"3":{"start":{"line":7,"column":36},"end":{"line":7,"column":48}},"4":{"start":{"line":8,"column":36},"end":{"line":8,"column":48}},"5":{"start":{"line":9,"column":48},"end":{"line":9,"column":60}},"6":{"start":{"line":10,"column":34},"end":{"line":10,"column":46}},"7":{"start":{"line":12,"column":21},"end":{"line":15,"column":3}},"8":{"start":{"line":13,"column":4},"end":{"line":13,"column":34}},"9":{"start":{"line":14,"column":4},"end":{"line":14,"column":50}},"10":{"start":{"line":17,"column":21},"end":{"line":20,"column":3}},"11":{"start":{"line":18,"column":4},"end":{"line":18,"column":34}},"12":{"start":{"line":19,"column":4},"end":{"line":19,"column":50}},"13":{"start":{"line":22,"column":2},"end":{"line":30,"column":20}},"14":{"start":{"line":23,"column":4},"end":{"line":29,"column":6}},"15":{"start":{"line":26,"column":28},"end":{"line":26,"column":47}},"16":{"start":{"line":32,"column":2},"end":{"line":62,"column":24}},"17":{"start":{"line":33,"column":22},"end":{"line":57,"column":5}},"18":{"start":{"line":34,"column":6},"end":{"line":56,"column":7}},"19":{"start":{"line":35,"column":25},"end":{"line":44,"column":9}},"20":{"start":{"line":46,"column":8},"end":{"line":48,"column":9}},"21":{"start":{"line":47,"column":10},"end":{"line":47,"column":57}},"22":{"start":{"line":50,"column":21},"end":{"line":50,"column":42}},"23":{"start":{"line":51,"column":8},"end":{"line":51,"column":35}},"24":{"start":{"line":52,"column":8},"end":{"line":52,"column":32}},"25":{"start":{"line":53,"column":8},"end":{"line":53,"column":32}},"26":{"start":{"line":55,"column":8},"end":{"line":55,"column":53}},"27":{"start":{"line":59,"column":4},"end":{"line":61,"column":5}},"28":{"start":{"line":60,"column":6},"end":{"line":60,"column":18}},"29":{"start":{"line":64,"column":2},"end":{"line":101,"column":4}}},"fnMap":{"0":{"name":"(anonymous_0)","decl":{"start":{"line":4,"column":19},"end":{"line":4,"column":20}},"loc":{"start":{"line":4,"column":30},"end":{"line":102,"column":1}},"line":4},"1":{"name":"(anonymous_1)","decl":{"start":{"line":12,"column":21},"end":{"line":12,"column":22}},"loc":{"start":{"line":12,"column":27},"end":{"line":15,"column":3}},"line":12},"2":{"name":"(anonymous_2)","decl":{"start":{"line":17,"column":21},"end":{"line":17,"column":22}},"loc":{"start":{"line":17,"column":27},"end":{"line":20,"column":3}},"line":17},"3":{"name":"(anonymous_3)","decl":{"start":{"line":22,"column":12},"end":{"line":22,"column":13}},"loc":{"start":{"line":22,"column":18},"end":{"line":30,"column":3}},"line":22},"4":{"name":"(anonymous_4)","decl":{"start":{"line":26,"column":17},"end":{"line":26,"column":18}},"loc":{"start":{"line":26,"column":28},"end":{"line":26,"column":47}},"line":26},"5":{"name":"(anonymous_5)","decl":{"start":{"line":32,"column":12},"end":{"line":32,"column":13}},"loc":{"start":{"line":32,"column":18},"end":{"line":62,"column":3}},"line":32},"6":{"name":"(anonymous_6)","decl":{"start":{"line":33,"column":22},"end":{"line":33,"column":23}},"loc":{"start":{"line":33,"column":34},"end":{"line":57,"column":5}},"line":33}},"branchMap":{"0":{"loc":{"start":{"line":24,"column":6},"end":{"line":28,"column":59}},"type":"cond-expr","locations":[{"start":{"line":25,"column":10},"end":{"line":27,"column":24}},{"start":{"line":28,"column":10},"end":{"line":28,"column":59}}],"line":24},"1":{"loc":{"start":{"line":25,"column":37},"end":{"line":25,"column":57}},"type":"cond-expr","locations":[{"start":{"line":25,"column":43},"end":{"line":25,"column":48}},{"start":{"line":25,"column":51},"end":{"line":25,"column":57}}],"line":25},"2":{"loc":{"start":{"line":28,"column":37},"end":{"line":28,"column":57}},"type":"cond-expr","locations":[{"start":{"line":28,"column":43},"end":{"line":28,"column":48}},{"start":{"line":28,"column":51},"end":{"line":28,"column":57}}],"line":28},"3":{"loc":{"start":{"line":46,"column":8},"end":{"line":48,"column":9}},"type":"if","locations":[{"start":{"line":46,"column":8},"end":{"line":48,"column":9}},{"start":{},"end":{}}],"line":46},"4":{"loc":{"start":{"line":59,"column":4},"end":{"line":61,"column":5}},"type":"if","locations":[{"start":{"line":59,"column":4},"end":{"line":61,"column":5}},{"start":{},"end":{}}],"line":59},"5":{"loc":{"start":{"line":74,"column":9},"end":{"line":85,"column":9}},"type":"cond-expr","locations":[{"start":{"line":75,"column":10},"end":{"line":80,"column":16}},{"start":{"line":82,"column":10},"end":{"line":84,"column":16}}],"line":74},"6":{"loc":{"start":{"line":87,"column":9},"end":{"line":98,"column":9}},"type":"cond-expr","locations":[{"start":{"line":88,"column":10},"end":{"line":93,"column":16}},{"start":{"line":95,"column":10},"end":{"line":97,"column":16}}],"line":87}},"s":{"0":0,"1":0,"2":0,"3":0,"4":0,"5":0,"6":0,"7":0,"8":0,"9":0,"10":0,"11":0,"12":0,"13":0,"14":0,"15":0,"16":0,"17":0,"18":0,"19":0,"20":0,"21":0,"22":0,"23":0,"24":0,"25":0,"26":0,"27":0,"28":0,"29":0},"f":{"0":0,"1":0,"2":0,"3":0,"4":0,"5":0,"6":0},"b":{"0":[0,0],"1":[0,0],"2":[0,0],"3":[0,0],"4":[0,0],"5":[0,0],"6":[0,0]}}
}
